2020-12-09 22:13:14,041 [PID 1708875] INFO No binary specified, looking for `pyre.bin` in PATH
2020-12-09 22:13:14,042 [PID 1708875] INFO Could not determine the number of Pyre workers from configuration. Auto-set the value to 4.
2020-12-09 22:13:14,042 [PID 1708875] INFO No typeshed specified, looking for it...
2020-12-09 22:13:14,042 [PID 1708875] INFO Found: `/home/martinkeogh/.cache/pypoetry/virtualenvs/aoc2020-4_f0YInw-py3.8/lib/pyre_check/typeshed`
2020-12-09 22:13:14,042 [PID 1708875] DEBUG Running `/home/martinkeogh/.cache/pypoetry/virtualenvs/aoc2020-4_f0YInw-py3.8/bin/pyre.bin check -project-root /home/martinkeogh/workspace/AoC2020 -log-directory /home/martinkeogh/workspace/AoC2020/.pyre -filter-directories /home/martinkeogh/workspace/AoC2020 -workers 4 -search-path /home/martinkeogh/.cache/pypoetry/virtualenvs/aoc2020-4_f0YInw-py3.8/lib/pyre_check/typeshed/stdlib/3.9,/home/martinkeogh/.cache/pypoetry/virtualenvs/aoc2020-4_f0YInw-py3.8/lib/pyre_check/typeshed/stdlib/3.7,/home/martinkeogh/.cache/pypoetry/virtualenvs/aoc2020-4_f0YInw-py3.8/lib/pyre_check/typeshed/stdlib/3.6,/home/martinkeogh/.cache/pypoetry/virtualenvs/aoc2020-4_f0YInw-py3.8/lib/pyre_check/typeshed/stdlib/3,/home/martinkeogh/.cache/pypoetry/virtualenvs/aoc2020-4_f0YInw-py3.8/lib/pyre_check/typeshed/stdlib/2and3,/home/martinkeogh/.cache/pypoetry/virtualenvs/aoc2020-4_f0YInw-py3.8/lib/pyre_check/typeshed/third_party/3,/home/martinkeogh/.cache/pypoetry/virtualenvs/aoc2020-4_f0YInw-py3.8/lib/pyre_check/typeshed/third_party/2and3 .`
2020-12-09 22:13:14,045 [PID 1708875] DEBUG Registering process with pid 1708891 in pid file `/home/martinkeogh/workspace/AoC2020/.pyre/pid_files/check-1708891.pid`
2020-12-09 22:13:14,487 [PID 1708875] PERFORMANCE Module tracker built: 0.057982s
2020-12-09 22:13:14,487 [PID 1708875] INFO Building type environment...
2020-12-09 22:13:14,680 [PID 1708875] INFO Parsing 1040 stubs and sources...
2020-12-09 22:13:15,390 [PID 1708875] PERFORMANCE Sources parsed: 0.709644s
2020-12-09 22:13:15,795 [PID 1708875] PERFORMANCE Full environment built: 1.307914s
2020-12-09 22:13:15,904 [PID 1708875] INFO Checking 157 functions...
2020-12-09 22:13:15,996 [PID 1708875] INFO Processed 20 of 157 functions
2020-12-09 22:13:16,011 [PID 1708875] INFO Processed 40 of 157 functions
2020-12-09 22:13:16,019 [PID 1708875] INFO Processed 60 of 157 functions
2020-12-09 22:13:16,042 [PID 1708875] INFO Processed 80 of 157 functions
2020-12-09 22:13:16,077 [PID 1708875] INFO Processed 100 of 157 functions
2020-12-09 22:13:16,086 [PID 1708875] INFO Processed 120 of 157 functions
2020-12-09 22:13:16,097 [PID 1708875] INFO Processed 140 of 157 functions
2020-12-09 22:13:16,117 [PID 1708875] INFO Processed 157 of 157 functions
2020-12-09 22:13:16,117 [PID 1708875] PERFORMANCE Check_TypeCheck: 0.213078s
2020-12-09 22:13:16,117 [PID 1708875] MEMORY Shared memory size post-typecheck (size: 10)
2020-12-09 22:13:16,117 [PID 1708875] INFO Postprocessing 1040 sources...
2020-12-09 22:13:16,156 [PID 1708875] INFO Postprocessed 131 of 1040 sources
2020-12-09 22:13:16,158 [PID 1708875] INFO Postprocessed 262 of 1040 sources
2020-12-09 22:13:16,162 [PID 1708875] INFO Postprocessed 393 of 1040 sources
2020-12-09 22:13:16,167 [PID 1708875] INFO Postprocessed 524 of 1040 sources
2020-12-09 22:13:16,198 [PID 1708875] INFO Postprocessed 655 of 1040 sources
2020-12-09 22:13:16,200 [PID 1708875] INFO Postprocessed 786 of 1040 sources
2020-12-09 22:13:16,207 [PID 1708875] INFO Postprocessed 909 of 1040 sources
2020-12-09 22:13:16,208 [PID 1708875] INFO Postprocessed 1040 of 1040 sources
2020-12-09 22:13:16,208 [PID 1708875] PERFORMANCE Check: 2.143647s
2020-12-09 22:13:16,251 [PID 1708875] DEBUG Removing pid file: `/home/martinkeogh/workspace/AoC2020/.pyre/pid_files/check-1708891.pid`
2020-12-09 22:13:16,257 [PID 1708875] ERROR Found 87 type errors!
2020-12-09 22:14:05,552 [PID 1709472] INFO No binary specified, looking for `pyre.bin` in PATH
2020-12-09 22:14:05,553 [PID 1709472] INFO Could not determine the number of Pyre workers from configuration. Auto-set the value to 4.
2020-12-09 22:14:05,553 [PID 1709472] INFO No typeshed specified, looking for it...
2020-12-09 22:14:05,553 [PID 1709472] INFO Found: `/home/martinkeogh/.cache/pypoetry/virtualenvs/aoc2020-4_f0YInw-py3.8/lib/pyre_check/typeshed`
2020-12-09 22:14:05,553 [PID 1709472] DEBUG Running `/home/martinkeogh/.cache/pypoetry/virtualenvs/aoc2020-4_f0YInw-py3.8/bin/pyre.bin check -project-root /home/martinkeogh/workspace/AoC2020 -log-directory /home/martinkeogh/workspace/AoC2020/.pyre -filter-directories /home/martinkeogh/workspace/AoC2020 -workers 4 -search-path /home/martinkeogh/.cache/pypoetry/virtualenvs/aoc2020-4_f0YInw-py3.8/lib/python3.8/site-packages/,/home/martinkeogh/.cache/pypoetry/virtualenvs/aoc2020-4_f0YInw-py3.8/lib/pyre_check/typeshed/stdlib/3.9,/home/martinkeogh/.cache/pypoetry/virtualenvs/aoc2020-4_f0YInw-py3.8/lib/pyre_check/typeshed/stdlib/3.7,/home/martinkeogh/.cache/pypoetry/virtualenvs/aoc2020-4_f0YInw-py3.8/lib/pyre_check/typeshed/stdlib/3.6,/home/martinkeogh/.cache/pypoetry/virtualenvs/aoc2020-4_f0YInw-py3.8/lib/pyre_check/typeshed/stdlib/3,/home/martinkeogh/.cache/pypoetry/virtualenvs/aoc2020-4_f0YInw-py3.8/lib/pyre_check/typeshed/stdlib/2and3,/home/martinkeogh/.cache/pypoetry/virtualenvs/aoc2020-4_f0YInw-py3.8/lib/pyre_check/typeshed/third_party/3,/home/martinkeogh/.cache/pypoetry/virtualenvs/aoc2020-4_f0YInw-py3.8/lib/pyre_check/typeshed/third_party/2and3 .`
2020-12-09 22:14:05,557 [PID 1709472] DEBUG Registering process with pid 1709474 in pid file `/home/martinkeogh/workspace/AoC2020/.pyre/pid_files/check-1709474.pid`
2020-12-09 22:14:05,730 [PID 1709472] PERFORMANCE Module tracker built: 0.134156s
2020-12-09 22:14:05,730 [PID 1709472] INFO Building type environment...
2020-12-09 22:14:05,903 [PID 1709472] INFO Parsing 3731 stubs and sources...
2020-12-09 22:14:11,239 [PID 1709472] PERFORMANCE Sources parsed: 5.335986s
2020-12-09 22:14:12,926 [PID 1709472] PERFORMANCE Full environment built: 7.195130s
2020-12-09 22:14:13,158 [PID 1709472] INFO Checking 157 functions...
2020-12-09 22:14:13,246 [PID 1709472] INFO Processed 20 of 157 functions
2020-12-09 22:14:13,252 [PID 1709472] INFO Processed 40 of 157 functions
2020-12-09 22:14:13,257 [PID 1709472] INFO Processed 60 of 157 functions
2020-12-09 22:14:13,282 [PID 1709472] INFO Processed 80 of 157 functions
2020-12-09 22:14:13,326 [PID 1709472] INFO Processed 100 of 157 functions
2020-12-09 22:14:13,328 [PID 1709472] INFO Processed 120 of 157 functions
2020-12-09 22:14:13,342 [PID 1709472] INFO Processed 140 of 157 functions
2020-12-09 22:14:13,360 [PID 1709472] INFO Processed 157 of 157 functions
2020-12-09 22:14:13,361 [PID 1709472] PERFORMANCE Check_TypeCheck: 0.202868s
2020-12-09 22:14:13,361 [PID 1709472] MEMORY Shared memory size post-typecheck (size: 54)
2020-12-09 22:14:13,361 [PID 1709472] INFO Postprocessing 3731 sources...
2020-12-09 22:14:13,413 [PID 1709472] INFO Postprocessed 249 of 3731 sources
2020-12-09 22:14:13,426 [PID 1709472] INFO Postprocessed 498 of 3731 sources
2020-12-09 22:14:13,430 [PID 1709472] INFO Postprocessed 747 of 3731 sources
2020-12-09 22:14:13,437 [PID 1709472] INFO Postprocessed 996 of 3731 sources
2020-12-09 22:14:13,480 [PID 1709472] INFO Postprocessed 1245 of 3731 sources
2020-12-09 22:14:13,488 [PID 1709472] INFO Postprocessed 1494 of 3731 sources
2020-12-09 22:14:13,493 [PID 1709472] INFO Postprocessed 1743 of 3731 sources
2020-12-09 22:14:13,516 [PID 1709472] INFO Postprocessed 1992 of 3731 sources
2020-12-09 22:14:13,529 [PID 1709472] INFO Postprocessed 2241 of 3731 sources
2020-12-09 22:14:13,546 [PID 1709472] INFO Postprocessed 2490 of 3731 sources
2020-12-09 22:14:13,570 [PID 1709472] INFO Postprocessed 2739 of 3731 sources
2020-12-09 22:14:13,607 [PID 1709472] INFO Postprocessed 2988 of 3731 sources
2020-12-09 22:14:13,623 [PID 1709472] INFO Postprocessed 3237 of 3731 sources
2020-12-09 22:14:13,627 [PID 1709472] INFO Postprocessed 3482 of 3731 sources
2020-12-09 22:14:13,655 [PID 1709472] INFO Postprocessed 3731 of 3731 sources
2020-12-09 22:14:13,656 [PID 1709472] PERFORMANCE Check: 8.080146s
2020-12-09 22:14:13,733 [PID 1709472] DEBUG Removing pid file: `/home/martinkeogh/workspace/AoC2020/.pyre/pid_files/check-1709474.pid`
2020-12-09 22:14:13,739 [PID 1709472] ERROR Found 69 type errors!
